Mar-27 21:42:57.548 [main] DEBUG nextflow.cli.Launcher - $> nextflow run main.nf --sam /data/classes/csic_bioinf01/users/bcbinf_colladoj/dia9/nf/2-Align/WT.sam
Mar-27 21:42:57.725 [main] DEBUG nextflow.cli.CmdRun - N E X T F L O W  ~  version 25.10.4
Mar-27 21:42:57.759 [main] DEBUG nextflow.plugin.PluginsFacade - Setting up plugin manager > mode=prod; embedded=false; plugins-dir=/data/classes/csic_bioinf01/users/bcbinf_colladoj/.nextflow/plugins; core-plugins: nf-amazon@3.4.4,nf-azure@1.20.2,nf-cloudcache@0.5.0,nf-codecommit@0.5.0,nf-console@1.3.0,nf-google@1.23.5,nf-k8s@1.2.2,nf-tower@1.17.5,nf-wave@1.16.1
Mar-27 21:42:57.811 [main] INFO  o.pf4j.DefaultPluginStatusProvider - Enabled plugins: []
Mar-27 21:42:57.812 [main] INFO  o.pf4j.DefaultPluginStatusProvider - Disabled plugins: []
Mar-27 21:42:57.817 [main] INFO  org.pf4j.DefaultPluginManager - PF4J version 3.12.0 in 'deployment' mode
Mar-27 21:42:57.840 [main] DEBUG nextflow.util.RetryConfig - Missing nextflow session - using default retry config
Mar-27 21:42:58.082 [main] INFO  org.pf4j.AbstractPluginManager - No plugins
Mar-27 21:42:58.210 [main] DEBUG nextflow.plugin.PluginsFacade - Plugins default=[]
Mar-27 21:42:58.210 [main] DEBUG nextflow.plugin.PluginsFacade - Plugins resolved requirement=[]
Mar-27 21:42:58.233 [main] DEBUG n.secret.LocalSecretsProvider - Secrets store: /data/classes/csic_bioinf01/users/bcbinf_colladoj/.nextflow/secrets/store.json
Mar-27 21:42:58.246 [main] DEBUG nextflow.secret.SecretsLoader - Discovered secrets providers: [nextflow.secret.LocalSecretsProvider@58e85c6f] - activable => nextflow.secret.LocalSecretsProvider@58e85c6f
Mar-27 21:42:58.248 [main] DEBUG nextflow.cli.CmdRun - Applied DSL=2 by global default
Mar-27 21:42:58.265 [main] DEBUG nextflow.cli.CmdRun - Launching `main.nf` [pedantic_blackwell] DSL2 - revision: 66a85b928c
Mar-27 21:42:58.329 [main] DEBUG nextflow.Session - Session UUID: c4a80fe8-c006-4c01-8cf4-00db8ca87f7a
Mar-27 21:42:58.330 [main] DEBUG nextflow.Session - Run name: pedantic_blackwell
Mar-27 21:42:58.330 [main] DEBUG nextflow.Session - Executor pool size: 256
Mar-27 21:42:58.349 [main] DEBUG nextflow.file.FilePorter - File porter settings maxRetries=3; maxTransfers=50; pollTimeout=null
Mar-27 21:42:58.356 [main] DEBUG nextflow.util.ThreadPoolBuilder - Creating thread pool 'FileTransfer' minSize=10; maxSize=768; workQueue=LinkedBlockingQueue[-1]; allowCoreThreadTimeout=false
Mar-27 21:42:58.394 [main] DEBUG nextflow.cli.CmdRun - 
  Version: 25.10.4 build 11173
  Created: 10-02-2026 15:17 UTC 
  System: Linux 5.15.0-170-generic
  Runtime: Groovy 4.0.28 on OpenJDK 64-Bit Server VM 21.0.6+9-b895.97
  Encoding: UTF-8 (UTF-8)
  Process: 968515@salvia [127.0.1.1]
  CPUs: 256 - Mem: 503.7 GB (258.3 GB) - Swap: 8 GB (3.9 GB)
Mar-27 21:42:58.422 [main] DEBUG nextflow.Session - Work-dir: /data/classes/csic_bioinf01/users/bcbinf_colladoj/proyecto-sam/work [ext2/ext3]
Mar-27 21:42:58.422 [main] DEBUG nextflow.Session - Script base path does not exist or is not a directory: /data/classes/csic_bioinf01/users/bcbinf_colladoj/proyecto-sam/bin
Mar-27 21:42:58.437 [main] DEBUG nextflow.executor.ExecutorFactory - Extension executors providers=[]
Mar-27 21:42:58.452 [main] DEBUG nextflow.Session - Observer factory (v2): LinObserverFactory
Mar-27 21:42:58.457 [main] DEBUG nextflow.Session - Observer factory (v2): DefaultObserverFactory
Mar-27 21:42:58.523 [main] DEBUG nextflow.cache.CacheFactory - Using Nextflow cache factory: nextflow.cache.DefaultCacheFactory
Mar-27 21:42:58.537 [main] DEBUG nextflow.util.CustomThreadPool - Creating default thread pool > poolSize: 257; maxThreads: 1000
Mar-27 21:42:58.632 [main] DEBUG nextflow.Session - Session start
Mar-27 21:42:59.331 [main] DEBUG nextflow.script.ScriptRunner - > Launching execution
Mar-27 21:42:59.496 [main] DEBUG nextflow.executor.ExecutorFactory - << taskConfig executor: null
Mar-27 21:42:59.497 [main] DEBUG nextflow.executor.ExecutorFactory - >> processorType: 'local'
Mar-27 21:42:59.513 [main] DEBUG nextflow.executor.Executor - [warm up] executor > local
Mar-27 21:42:59.527 [main] DEBUG n.processor.LocalPollingMonitor - Creating local task monitor for executor 'local' > cpus=256; memory=503.7 GB; capacity=256; pollInterval=100ms; dumpInterval=5m
Mar-27 21:42:59.531 [main] DEBUG n.processor.TaskPollingMonitor - >>> barrier register (monitor: local)
Mar-27 21:42:59.599 [main] DEBUG nextflow.processor.TaskProcessor - Creating process 'analyze_sam': maxForks=0; fair=false; array=0
Mar-27 21:42:59.748 [main] DEBUG nextflow.Session - Workflow process names [dsl2]: analyze_sam
Mar-27 21:42:59.752 [main] DEBUG nextflow.Session - Igniting dataflow network (1)
Mar-27 21:42:59.754 [main] DEBUG nextflow.processor.TaskProcessor - Starting process > analyze_sam
Mar-27 21:42:59.755 [main] DEBUG nextflow.script.ScriptRunner - Parsed script files:
  Script_37bcad3e6711897e: /data/classes/csic_bioinf01/users/bcbinf_colladoj/proyecto-sam/main.nf
Mar-27 21:42:59.755 [main] DEBUG nextflow.script.ScriptRunner - > Awaiting termination 
Mar-27 21:42:59.756 [main] DEBUG nextflow.Session - Session await
Mar-27 21:43:00.040 [Task submitter] DEBUG n.executor.local.LocalTaskHandler - Launch cmd line: /bin/bash -ue .command.run
Mar-27 21:43:00.046 [Task submitter] INFO  nextflow.Session - [10/03c7de] Submitted process > analyze_sam
Mar-27 21:43:34.935 [Task monitor] DEBUG n.processor.TaskPollingMonitor - Task completed > TaskHandler[id: 1; name: analyze_sam; status: COMPLETED; exit: 0; error: -; workDir: /data/classes/csic_bioinf01/users/bcbinf_colladoj/proyecto-sam/work/10/03c7de455ac217758158d5cca40f36]
Mar-27 21:43:34.938 [Task monitor] DEBUG nextflow.util.ThreadPoolBuilder - Creating thread pool 'TaskFinalizer' minSize=10; maxSize=768; workQueue=LinkedBlockingQueue[-1]; allowCoreThreadTimeout=false
Mar-27 21:43:34.987 [main] DEBUG nextflow.Session - Session await > all processes finished
Mar-27 21:43:35.030 [Task monitor] DEBUG n.processor.TaskPollingMonitor - <<< barrier arrives (monitor: local) - terminating tasks monitor poll loop
Mar-27 21:43:35.031 [main] DEBUG nextflow.Session - Session await > all barriers passed
Mar-27 21:43:35.036 [main] DEBUG nextflow.util.ThreadPoolManager - Thread pool 'TaskFinalizer' shutdown completed (hard=false)
Mar-27 21:43:35.054 [main] DEBUG n.trace.WorkflowStatsObserver - Workflow completed > WorkflowStats[succeededCount=1; failedCount=0; ignoredCount=0; cachedCount=0; pendingCount=0; submittedCount=0; runningCount=0; retriesCount=0; abortedCount=0; succeedDuration=34.8s; failedDuration=0ms; cachedDuration=0ms;loadCpus=0; loadMemory=0; peakRunning=1; peakCpus=1; peakMemory=0; ]
Mar-27 21:43:35.163 [main] DEBUG nextflow.cache.CacheDB - Closing CacheDB done
Mar-27 21:43:35.186 [main] DEBUG nextflow.util.ThreadPoolManager - Thread pool 'FileTransfer' shutdown completed (hard=false)
Mar-27 21:43:35.187 [main] DEBUG nextflow.script.ScriptRunner - > Execution complete -- Goodbye
